<?xml version="1.0" encoding="UTF-8" ?>
<testsuite tests="11" failures="0" name="geniusweb.exampleparties.skyparty.Party59Test" time="0.198" errors="0" skipped="0">
  <properties>
    <property name="idea.version" value="2021.3.2"/>
    <property name="java.runtime.name" value="Java(TM) SE Runtime Environment"/>
    <property name="java.vm.version" value="15.0.1+9-18"/>
    <property name="sun.boot.library.path" value="C:\Program Files\Java\jdk-15.0.1\bin"/>
    <property name="maven.multiModuleProjectDirectory" value="C:\Users\ziang\Desktop\GeniusWeb"/>
    <property name="java.vm.vendor" value="Oracle Corporation"/>
    <property name="java.vendor.url" value="https://java.oracle.com/"/>
    <property name="guice.disable.misplaced.annotation.check" value="true"/>
    <property name="path.separator" value=";"/>
    <property name="java.vm.name" value="Java HotSpot(TM) 64-Bit Server VM"/>
    <property name="sun.os.patch.level" value=""/>
    <property name="user.script" value=""/>
    <property name="user.country" value="US"/>
    <property name="sun.java.launcher" value="SUN_STANDARD"/>
    <property name="java.vm.specification.name" value="Java Virtual Machine Specification"/>
    <property name="user.dir" value="C:\Users\ziang\Desktop\GeniusWeb"/>
    <property name="java.vm.compressedOopsMode" value="Zero based"/>
    <property name="java.runtime.version" value="15.0.1+9-18"/>
    <property name="os.arch" value="amd64"/>
    <property name="java.io.tmpdir" value="C:\Users\ziang\AppData\Local\Temp\"/>
    <property name="line.separator" value="
"/>
    <property name="java.vm.specification.vendor" value="Oracle Corporation"/>
    <property name="user.variant" value=""/>
    <property name="os.name" value="Windows 10"/>
    <property name="maven.ext.class.path" value="C:\Users\ziang\AppData\Local\JetBrains\Toolbox\apps\IDEA-U\ch-0\213.6777.52\plugins\maven\lib\maven-event-listener.jar"/>
    <property name="classworlds.conf" value="C:\Users\ziang\AppData\Local\JetBrains\Toolbox\apps\IDEA-U\ch-0\213.6777.52\plugins\maven\lib\maven3\bin\m2.conf"/>
    <property name="sun.jnu.encoding" value="Cp1252"/>
    <property name="java.library.path" value="C:\Program Files\Java\jdk-15.0.1\bin;C:\windows\Sun\Java\bin;C:\windows\system32;C:\windows;C:\Program Files (x86)\Razer Chroma SDK\bin;C:\Program Files\Razer Chroma SDK\bin;C:\Program Files (x86)\Razer\ChromaBroadcast\bin;C:\Program Files\Razer\ChromaBroadcast\bin;C:\Python39\Scripts\;C:\Python39\;C:\Program Files\Common Files\Oracle\Java\javapath;C:\Windows\system32;C:\Windows;C:\Windows\System32\Wbem;C:\Windows\System32\WindowsPowerShell\v1.0\;C:\Windows\System32\OpenSSH\;C:\Program Files\Git\cmd;C:\ProgramData\chocolatey\bin;C:\Program Files\NVIDIA Corporation\NVIDIA NvDLISR;C:\Users\ziang\anaconda3;C:\Users\ziang\anaconda3\Scripts;C:\Users\ziang\anaconda3\Library\bin;C:\Program Files\PuTTY\;C:\Program Files (x86)\Incredibuild;C:\Program Files\nodejs\;C:\WINDOWS\system32;C:\WINDOWS;C:\WINDOWS\System32\Wbem;C:\WINDOWS\System32\WindowsPowerShell\v1.0\;C:\WINDOWS\System32\OpenSSH\;C:\WINDOWS\system32\config\systemprofile\AppData\Local\Microsoft\WindowsApps;C:\python36\Scripts\;C:\python36\;C:\Program Files\MySQL\MySQL Shell 8.0\bin\;C:\Users\ziang\AppData\Local\Microsoft\WindowsApps;C:\Users\ziang\AppData\Local\Programs\Microsoft VS Code\bin;C:\Users\ziang\AppData\Roaming\npm;C:\Program Files (x86)\NVIDIA Corporation\PhysX\Common;C:\Program Files\TortoiseSVN\bin;;."/>
    <property name="maven.conf" value="C:\Users\ziang\AppData\Local\JetBrains\Toolbox\apps\IDEA-U\ch-0\213.6777.52\plugins\maven\lib\maven3/conf"/>
    <property name="jdk.debug" value="release"/>
    <property name="java.class.version" value="59.0"/>
    <property name="java.specification.name" value="Java Platform API Specification"/>
    <property name="sun.management.compiler" value="HotSpot 64-Bit Tiered Compilers"/>
    <property name="os.version" value="10.0"/>
    <property name="user.home" value="C:\Users\ziang"/>
    <property name="user.timezone" value="Europe/Berlin"/>
    <property name="file.encoding" value="UTF-8"/>
    <property name="java.specification.version" value="15"/>
    <property name="user.name" value="ziang"/>
    <property name="java.class.path" value="C:\Users\ziang\AppData\Local\JetBrains\Toolbox\apps\IDEA-U\ch-0\213.6777.52\plugins\maven\lib\maven3\boot\plexus-classworlds-2.6.0.jar;C:\Users\ziang\AppData\Local\JetBrains\Toolbox\apps\IDEA-U\ch-0\213.6777.52\plugins\maven\lib\maven3\boot\plexus-classworlds.license"/>
    <property name="java.vm.specification.version" value="15"/>
    <property name="sun.arch.data.model" value="64"/>
    <property name="sun.java.command" value="org.codehaus.classworlds.Launcher -Didea.version=2021.3.2 package"/>
    <property name="java.home" value="C:\Program Files\Java\jdk-15.0.1"/>
    <property name="user.language" value="en"/>
    <property name="java.specification.vendor" value="Oracle Corporation"/>
    <property name="java.vm.info" value="mixed mode, sharing"/>
    <property name="java.version" value="15.0.1"/>
    <property name="java.vendor" value="Oracle Corporation"/>
    <property name="maven.home" value="C:\Users\ziang\AppData\Local\JetBrains\Toolbox\apps\IDEA-U\ch-0\213.6777.52\plugins\maven\lib\maven3"/>
    <property name="file.separator" value="\"/>
    <property name="java.version.date" value="2020-10-20"/>
    <property name="java.vendor.url.bug" value="https://bugreport.java.com/bugreport/"/>
    <property name="sun.io.unicode.encoding" value="UnicodeLittle"/>
    <property name="sun.cpu.endian" value="little"/>
    <property name="sun.cpu.isalist" value="amd64"/>
  </properties>
  <testcase classname="geniusweb.exampleparties.skyparty.Party59Test" name="smokeTest" time="0.095"/>
  <testcase classname="geniusweb.exampleparties.skyparty.Party59Test" name="testInformSettings" time="0.017"/>
  <testcase classname="geniusweb.exampleparties.skyparty.Party59Test" name="testInformAndConnection" time="0.004"/>
  <testcase classname="geniusweb.exampleparties.skyparty.Party59Test" name="testGetCapabilities" time="0.005"/>
  <testcase classname="geniusweb.exampleparties.skyparty.Party59Test" name="testAgentLogsFinal" time="0.058"/>
  <testcase classname="geniusweb.exampleparties.skyparty.Party59Test" name="getDescriptionTest" time="0.002"/>
  <testcase classname="geniusweb.exampleparties.skyparty.Party59Test" name="testAgentsUpdatesSAOPProgress" time="0.004"/>
  <testcase classname="geniusweb.exampleparties.skyparty.Party59Test" name="testOtherWalksAway" time="0.002"/>
  <testcase classname="geniusweb.exampleparties.skyparty.Party59Test" name="testAgentHasFirstTurn" time="0.004"/>
  <testcase classname="geniusweb.exampleparties.skyparty.Party59Test" name="testInformConnection" time="0.005"/>
  <testcase classname="geniusweb.exampleparties.skyparty.Party59Test" name="getCapabilitiesTest" time="0.002"/>
</testsuite>